10:10:17.399 [restartedMain] INFO  d.w.springtest.Application - Starting Application on NDE70189 with PID 6748 (C:\Users\overlinden\Documents\NetBeansProjects\SpringTemplate\SpringTemplate\target\classes started by OVerlinden in C:\Users\overlinden\Documents\NetBeansProjects\SpringTemplate\SpringTemplate)
10:10:17.403 [restartedMain] INFO  d.w.springtest.Application - No active profile set, falling back to default profiles: default
10:10:17.453 [restartedMain] INFO  o.s.c.a.AnnotationConfigApplicationContext - Refreshing org.springframework.context.annotation.AnnotationConfigApplicationContext@78fffbb0: startup date [Mon Aug 29 10:10:17 CEST 2016]; root of context hierarchy
10:10:18.621 [restartedMain] INFO  o.s.b.d.a.OptionalLiveReloadServer - LiveReload server is running on port 35729
10:10:18.661 [restartedMain] INFO  o.s.j.e.a.AnnotationMBeanExporter - Registering beans for JMX exposure on startup
10:10:18.676 [restartedMain] INFO  d.w.springtest.HelloRunnter - Running application
10:10:18.679 [restartedMain] INFO  d.w.springtest.Application - Started Application in 1.675 seconds (JVM running for 2.066)
10:10:18.682 [Thread-7] INFO  o.s.c.a.AnnotationConfigApplicationContext - Closing org.springframework.context.annotation.AnnotationConfigApplicationContext@78fffbb0: startup date [Mon Aug 29 10:10:17 CEST 2016]; root of context hierarchy
10:10:18.685 [Thread-7] INFO  o.s.j.e.a.AnnotationMBeanExporter - Unregistering JMX-exposed beans on shutdown
10:29:41.892 [main] INFO  d.w.springtemplate.Application - Starting Application v1.0-SNAPSHOT on NDE70189 with PID 2720 (C:\Users\overlinden\Documents\NetBeansProjects\SpringTemplate\SpringTemplate\target\SpringTemplate-1.0-SNAPSHOT.jar started by OVerlinden in C:\Users\overlinden\Documents\NetBeansProjects\SpringTemplate\SpringTemplate)
10:29:41.901 [main] INFO  d.w.springtemplate.Application - No active profile set, falling back to default profiles: default
10:29:41.999 [main] INFO  o.s.c.a.AnnotationConfigApplicationContext - Refreshing org.springframework.context.annotation.AnnotationConfigApplicationContext@45283ce2: startup date [Mon Aug 29 10:29:41 CEST 2016]; root of context hierarchy
10:29:43.225 [main] INFO  o.s.j.e.a.AnnotationMBeanExporter - Registering beans for JMX exposure on startup
10:29:43.244 [main] INFO  d.w.springtemplate.HelloRunnter - Running application
10:29:43.248 [main] INFO  d.w.springtemplate.Application - Started Application in 2.007 seconds (JVM running for 2.738)
10:29:43.249 [Thread-2] INFO  o.s.c.a.AnnotationConfigApplicationContext - Closing org.springframework.context.annotation.AnnotationConfigApplicationContext@45283ce2: startup date [Mon Aug 29 10:29:41 CEST 2016]; root of context hierarchy
10:29:43.250 [Thread-2] INFO  o.s.j.e.a.AnnotationMBeanExporter - Unregistering JMX-exposed beans on shutdown
10:29:50.266 [restartedMain] INFO  d.w.springtemplate.Application - Starting Application on NDE70189 with PID 1812 (C:\Users\overlinden\Documents\NetBeansProjects\SpringTemplate\SpringTemplate\target\classes started by OVerlinden in C:\Users\overlinden\Documents\NetBeansProjects\SpringTemplate\SpringTemplate)
10:29:50.270 [restartedMain] INFO  d.w.springtemplate.Application - No active profile set, falling back to default profiles: default
10:29:50.323 [restartedMain] INFO  o.s.c.a.AnnotationConfigApplicationContext - Refreshing org.springframework.context.annotation.AnnotationConfigApplicationContext@62c05f27: startup date [Mon Aug 29 10:29:50 CEST 2016]; root of context hierarchy
10:29:51.387 [restartedMain] INFO  o.s.b.d.a.OptionalLiveReloadServer - LiveReload server is running on port 35729
10:29:51.428 [restartedMain] INFO  o.s.j.e.a.AnnotationMBeanExporter - Registering beans for JMX exposure on startup
10:29:51.444 [restartedMain] INFO  d.w.springtemplate.HelloRunnter - Running application
10:29:51.448 [restartedMain] INFO  d.w.springtemplate.Application - Started Application in 1.563 seconds (JVM running for 2.034)
10:29:51.451 [Thread-7] INFO  o.s.c.a.AnnotationConfigApplicationContext - Closing org.springframework.context.annotation.AnnotationConfigApplicationContext@62c05f27: startup date [Mon Aug 29 10:29:50 CEST 2016]; root of context hierarchy
10:29:51.452 [Thread-7] INFO  o.s.j.e.a.AnnotationMBeanExporter - Unregistering JMX-exposed beans on shutdown
10:34:03.067 [restartedMain] INFO  d.w.springtemplate.Application - Starting Application on NDE70189 with PID 8188 (C:\Users\overlinden\Documents\NetBeansProjects\SpringTemplate\SpringTemplate\target\classes started by OVerlinden in C:\Users\overlinden\Documents\NetBeansProjects\SpringTemplate\SpringTemplate)
10:34:03.071 [restartedMain] INFO  d.w.springtemplate.Application - No active profile set, falling back to default profiles: default
10:34:03.123 [restartedMain] INFO  o.s.c.a.AnnotationConfigApplicationContext - Refreshing org.springframework.context.annotation.AnnotationConfigApplicationContext@508d2b31: startup date [Mon Aug 29 10:34:03 CEST 2016]; root of context hierarchy
10:34:04.151 [restartedMain] INFO  o.s.b.d.a.OptionalLiveReloadServer - LiveReload server is running on port 35729
10:34:04.192 [restartedMain] INFO  o.s.j.e.a.AnnotationMBeanExporter - Registering beans for JMX exposure on startup
10:34:04.209 [restartedMain] INFO  d.w.springtemplate.HelloRunnter - Running application
10:34:04.212 [restartedMain] INFO  d.w.springtemplate.Application - Started Application in 1.552 seconds (JVM running for 1.925)
10:34:04.216 [Thread-7] INFO  o.s.c.a.AnnotationConfigApplicationContext - Closing org.springframework.context.annotation.AnnotationConfigApplicationContext@508d2b31: startup date [Mon Aug 29 10:34:03 CEST 2016]; root of context hierarchy
10:34:04.218 [Thread-7] INFO  o.s.j.e.a.AnnotationMBeanExporter - Unregistering JMX-exposed beans on shutdown
10:35:10.888 [restartedMain] INFO  d.w.springtemplate.Application - Starting Application on NDE70189 with PID 5608 (C:\Users\overlinden\Documents\NetBeansProjects\SpringTemplate\SpringTemplate\target\classes started by OVerlinden in C:\Users\overlinden\Documents\NetBeansProjects\SpringTemplate\SpringTemplate)
10:35:10.891 [restartedMain] INFO  d.w.springtemplate.Application - No active profile set, falling back to default profiles: default
10:35:10.945 [restartedMain] INFO  o.s.c.a.AnnotationConfigApplicationContext - Refreshing org.springframework.context.annotation.AnnotationConfigApplicationContext@78fffbb0: startup date [Mon Aug 29 10:35:10 CEST 2016]; root of context hierarchy
10:35:12.016 [restartedMain] INFO  o.s.b.d.a.OptionalLiveReloadServer - LiveReload server is running on port 35729
10:35:12.046 [restartedMain] INFO  o.s.j.e.a.AnnotationMBeanExporter - Registering beans for JMX exposure on startup
10:35:12.058 [restartedMain] INFO  d.w.springtemplate.HelloRunnter - Running application
10:35:12.061 [restartedMain] INFO  d.w.springtemplate.Application - Started Application in 1.575 seconds (JVM running for 2.049)
10:35:12.063 [Thread-7] INFO  o.s.c.a.AnnotationConfigApplicationContext - Closing org.springframework.context.annotation.AnnotationConfigApplicationContext@78fffbb0: startup date [Mon Aug 29 10:35:10 CEST 2016]; root of context hierarchy
10:35:12.065 [Thread-7] INFO  o.s.j.e.a.AnnotationMBeanExporter - Unregistering JMX-exposed beans on shutdown
10:35:29.556 [restartedMain] INFO  d.w.springtemplate.Application - Starting Application on NDE70189 with PID 6536 (C:\Users\overlinden\Documents\NetBeansProjects\SpringTemplate\SpringTemplate\target\classes started by OVerlinden in C:\Users\overlinden\Documents\NetBeansProjects\SpringTemplate\SpringTemplate)
10:35:29.560 [restartedMain] INFO  d.w.springtemplate.Application - No active profile set, falling back to default profiles: default
10:35:29.622 [restartedMain] INFO  o.s.c.a.AnnotationConfigApplicationContext - Refreshing org.springframework.context.annotation.AnnotationConfigApplicationContext@508d2b31: startup date [Mon Aug 29 10:35:29 CEST 2016]; root of context hierarchy
10:35:30.889 [restartedMain] INFO  o.s.b.d.a.OptionalLiveReloadServer - LiveReload server is running on port 35729
10:35:30.935 [restartedMain] INFO  o.s.j.e.a.AnnotationMBeanExporter - Registering beans for JMX exposure on startup
10:35:30.951 [restartedMain] INFO  d.w.springtemplate.HelloRunnter - Running application
10:35:30.954 [restartedMain] INFO  d.w.springtemplate.Application - Started Application in 1.922 seconds (JVM running for 2.468)
10:35:30.957 [Thread-7] INFO  o.s.c.a.AnnotationConfigApplicationContext - Closing org.springframework.context.annotation.AnnotationConfigApplicationContext@508d2b31: startup date [Mon Aug 29 10:35:29 CEST 2016]; root of context hierarchy
10:35:30.960 [Thread-7] INFO  o.s.j.e.a.AnnotationMBeanExporter - Unregistering JMX-exposed beans on shutdown
10:35:52.773 [restartedMain] INFO  d.w.springtemplate.Application - Starting Application on NDE70189 with PID 7792 (C:\Users\overlinden\Documents\NetBeansProjects\SpringTemplate\SpringTemplate\target\classes started by OVerlinden in C:\Users\overlinden\Documents\NetBeansProjects\SpringTemplate\SpringTemplate)
10:35:52.777 [restartedMain] INFO  d.w.springtemplate.Application - No active profile set, falling back to default profiles: default
10:35:52.826 [restartedMain] INFO  o.s.c.a.AnnotationConfigApplicationContext - Refreshing org.springframework.context.annotation.AnnotationConfigApplicationContext@78fffbb0: startup date [Mon Aug 29 10:35:52 CEST 2016]; root of context hierarchy
10:35:53.888 [restartedMain] INFO  o.s.b.d.a.OptionalLiveReloadServer - LiveReload server is running on port 35729
10:35:53.921 [restartedMain] INFO  o.s.j.e.a.AnnotationMBeanExporter - Registering beans for JMX exposure on startup
10:35:53.933 [restartedMain] INFO  d.w.springtemplate.HelloRunnter - Running application
10:35:53.936 [restartedMain] INFO  d.w.springtemplate.Application - Started Application in 1.557 seconds (JVM running for 2.026)
10:35:53.939 [Thread-7] INFO  o.s.c.a.AnnotationConfigApplicationContext - Closing org.springframework.context.annotation.AnnotationConfigApplicationContext@78fffbb0: startup date [Mon Aug 29 10:35:52 CEST 2016]; root of context hierarchy
10:35:53.940 [Thread-7] INFO  o.s.j.e.a.AnnotationMBeanExporter - Unregistering JMX-exposed beans on shutdown
10:37:08.563 [restartedMain] INFO  d.w.springtemplate.Application - Starting Application on NDE70189 with PID 5864 (C:\Users\overlinden\Documents\NetBeansProjects\SpringTemplate\SpringTemplate\target\classes started by OVerlinden in C:\Users\overlinden\Documents\NetBeansProjects\SpringTemplate\SpringTemplate)
10:37:08.566 [restartedMain] INFO  d.w.springtemplate.Application - No active profile set, falling back to default profiles: default
10:37:08.620 [restartedMain] INFO  o.s.c.a.AnnotationConfigApplicationContext - Refreshing org.springframework.context.annotation.AnnotationConfigApplicationContext@78fffbb0: startup date [Mon Aug 29 10:37:08 CEST 2016]; root of context hierarchy
10:37:09.619 [restartedMain] INFO  o.s.b.d.a.OptionalLiveReloadServer - LiveReload server is running on port 35729
10:37:09.659 [restartedMain] INFO  o.s.j.e.a.AnnotationMBeanExporter - Registering beans for JMX exposure on startup
10:37:09.676 [restartedMain] INFO  d.w.springtemplate.HelloRunnter - Running application
10:37:09.679 [restartedMain] INFO  d.w.springtemplate.Application - Started Application in 1.488 seconds (JVM running for 1.905)
10:37:09.683 [Thread-7] INFO  o.s.c.a.AnnotationConfigApplicationContext - Closing org.springframework.context.annotation.AnnotationConfigApplicationContext@78fffbb0: startup date [Mon Aug 29 10:37:08 CEST 2016]; root of context hierarchy
10:37:09.685 [Thread-7] INFO  o.s.j.e.a.AnnotationMBeanExporter - Unregistering JMX-exposed beans on shutdown
10:37:20.581 [restartedMain] INFO  d.w.springtemplate.Application - Starting Application on NDE70189 with PID 5424 (C:\Users\overlinden\Documents\NetBeansProjects\SpringTemplate\SpringTemplate\target\classes started by OVerlinden in C:\Users\overlinden\Documents\NetBeansProjects\SpringTemplate\SpringTemplate)
10:37:20.585 [restartedMain] INFO  d.w.springtemplate.Application - No active profile set, falling back to default profiles: default
10:37:20.636 [restartedMain] INFO  o.s.c.a.AnnotationConfigApplicationContext - Refreshing org.springframework.context.annotation.AnnotationConfigApplicationContext@62c05f27: startup date [Mon Aug 29 10:37:20 CEST 2016]; root of context hierarchy
10:37:21.669 [restartedMain] INFO  o.s.b.d.a.OptionalLiveReloadServer - LiveReload server is running on port 35729
10:37:21.707 [restartedMain] INFO  o.s.j.e.a.AnnotationMBeanExporter - Registering beans for JMX exposure on startup
10:37:21.719 [restartedMain] INFO  d.w.springtemplate.HelloRunnter - Running application
10:37:21.721 [restartedMain] INFO  d.w.springtemplate.Application - Started Application in 1.534 seconds (JVM running for 2.029)
10:37:21.724 [Thread-7] INFO  o.s.c.a.AnnotationConfigApplicationContext - Closing org.springframework.context.annotation.AnnotationConfigApplicationContext@62c05f27: startup date [Mon Aug 29 10:37:20 CEST 2016]; root of context hierarchy
10:37:21.725 [Thread-7] INFO  o.s.j.e.a.AnnotationMBeanExporter - Unregistering JMX-exposed beans on shutdown
10:40:17.122 [restartedMain] INFO  d.w.springtemplate.Application - Starting Application on NDE70189 with PID 7036 (C:\Users\overlinden\Documents\NetBeansProjects\SpringTemplate\SpringTemplate\target\classes started by OVerlinden in C:\Users\overlinden\Documents\NetBeansProjects\SpringTemplate\SpringTemplate)
10:40:17.126 [restartedMain] INFO  d.w.springtemplate.Application - No active profile set, falling back to default profiles: default
10:40:17.196 [restartedMain] INFO  o.s.c.a.AnnotationConfigApplicationContext - Refreshing org.springframework.context.annotation.AnnotationConfigApplicationContext@508d2b31: startup date [Mon Aug 29 10:40:17 CEST 2016]; root of context hierarchy
10:40:18.611 [restartedMain] INFO  o.s.b.d.a.OptionalLiveReloadServer - LiveReload server is running on port 35729
10:40:18.669 [restartedMain] INFO  o.s.j.e.a.AnnotationMBeanExporter - Registering beans for JMX exposure on startup
10:40:18.690 [restartedMain] INFO  d.w.springtemplate.HelloRunnter - Running application
10:40:18.698 [restartedMain] INFO  d.w.springtemplate.Application - Started Application in 2.036 seconds (JVM running for 2.587)
10:40:18.702 [Thread-7] INFO  o.s.c.a.AnnotationConfigApplicationContext - Closing org.springframework.context.annotation.AnnotationConfigApplicationContext@508d2b31: startup date [Mon Aug 29 10:40:17 CEST 2016]; root of context hierarchy
10:40:18.704 [Thread-7] INFO  o.s.j.e.a.AnnotationMBeanExporter - Unregistering JMX-exposed beans on shutdown
10:42:14.872 [restartedMain] INFO  d.w.springtemplate.Application - Starting Application on NDE70189 with PID 5548 (C:\Users\overlinden\Documents\NetBeansProjects\SpringTemplate\SpringTemplate\target\classes started by OVerlinden in C:\Users\overlinden\Documents\NetBeansProjects\SpringTemplate\SpringTemplate)
10:42:14.874 [restartedMain] INFO  d.w.springtemplate.Application - No active profile set, falling back to default profiles: default
10:42:14.926 [restartedMain] INFO  o.s.c.a.AnnotationConfigApplicationContext - Refreshing org.springframework.context.annotation.AnnotationConfigApplicationContext@508d2b31: startup date [Mon Aug 29 10:42:14 CEST 2016]; root of context hierarchy
10:42:15.951 [restartedMain] INFO  o.s.b.d.a.OptionalLiveReloadServer - LiveReload server is running on port 35729
10:42:15.989 [restartedMain] INFO  o.s.j.e.a.AnnotationMBeanExporter - Registering beans for JMX exposure on startup
10:42:16.005 [restartedMain] INFO  d.w.springtemplate.HelloRunnter - Running application
10:42:16.009 [restartedMain] INFO  d.w.springtemplate.Application - Started Application in 1.544 seconds (JVM running for 2.002)
10:42:16.012 [Thread-7] INFO  o.s.c.a.AnnotationConfigApplicationContext - Closing org.springframework.context.annotation.AnnotationConfigApplicationContext@508d2b31: startup date [Mon Aug 29 10:42:14 CEST 2016]; root of context hierarchy
10:42:16.014 [Thread-7] INFO  o.s.j.e.a.AnnotationMBeanExporter - Unregistering JMX-exposed beans on shutdown
10:42:32.082 [restartedMain] INFO  d.w.springtemplate.Application - Starting Application on NDE70189 with PID 1752 (C:\Users\overlinden\Documents\NetBeansProjects\SpringTemplate\SpringTemplate\target\classes started by OVerlinden in C:\Users\overlinden\Documents\NetBeansProjects\SpringTemplate\SpringTemplate)
10:42:32.085 [restartedMain] INFO  d.w.springtemplate.Application - No active profile set, falling back to default profiles: default
10:42:32.133 [restartedMain] INFO  o.s.c.a.AnnotationConfigApplicationContext - Refreshing org.springframework.context.annotation.AnnotationConfigApplicationContext@78fffbb0: startup date [Mon Aug 29 10:42:32 CEST 2016]; root of context hierarchy
10:42:33.239 [restartedMain] INFO  o.s.b.d.a.OptionalLiveReloadServer - LiveReload server is running on port 35729
10:42:33.277 [restartedMain] INFO  o.s.j.e.a.AnnotationMBeanExporter - Registering beans for JMX exposure on startup
10:42:33.294 [restartedMain] INFO  d.w.springtemplate.HelloRunnter - Running application
10:42:33.297 [restartedMain] INFO  d.w.springtemplate.Application - Started Application in 1.656 seconds (JVM running for 2.129)
10:42:33.302 [Thread-7] INFO  o.s.c.a.AnnotationConfigApplicationContext - Closing org.springframework.context.annotation.AnnotationConfigApplicationContext@78fffbb0: startup date [Mon Aug 29 10:42:32 CEST 2016]; root of context hierarchy
10:42:33.304 [Thread-7] INFO  o.s.j.e.a.AnnotationMBeanExporter - Unregistering JMX-exposed beans on shutdown
